<?xml version="1.0" encoding="UTF-8"?>
<testsuites name="jest tests" tests="4" failures="0" time="0.722">
  <testsuite name="Get Shopping Cart" errors="0" failures="0" skipped="0" timestamp="2020-05-09T02:31:15" time="0.286" tests="4">
    <testcase classname="Get Shopping Cart Deve retornar um carrinho de compras a partir do array de IDs do exemplo 1" name="Get Shopping Cart Deve retornar um carrinho de compras a partir do array de IDs do exemplo 1" time="0.003">
    </testcase>
    <testcase classname="Get Shopping Cart Deve retornar um carrinho de compras a partir do array de IDs do exemplo 2" name="Get Shopping Cart Deve retornar um carrinho de compras a partir do array de IDs do exemplo 2" time="0">
    </testcase>
    <testcase classname="Get Shopping Cart Deve retornar um carrinho de compras a partir do array de IDs do exemplo 3" name="Get Shopping Cart Deve retornar um carrinho de compras a partir do array de IDs do exemplo 3" time="0">
    </testcase>
    <testcase classname="Get Shopping Cart Deve retornar um carrinho de compras a partir do array de IDs do exemplo 4" name="Get Shopping Cart Deve retornar um carrinho de compras a partir do array de IDs do exemplo 4" time="0.001">
    </testcase>
  </testsuite>
</testsuites>